<?xml version="1.0" encoding="UTF-8"?>
<testsuite name="com.tll.tabulaw.DocSearchServiceTest" failures="1" tests="1" time="448.903" errors="0">
  <properties/>
  <testcase name="testParseGoogleScholarResponse" time="448.862" classname="com.tll.tabulaw.DocSearchServiceTest">
    <failure type="java.lang.AssertionError" message="expected:&amp;lt;true&amp;gt; but was:&amp;lt;false&amp;gt;">
      <![CDATA[java.lang.AssertionError: expected:<true> but was:<false>
	at com.tll.tabulaw.DocSearchServiceTest.testParseGoogleScholarResponse(DocSearchServiceTest.java:41)
... Removed 26 stack frames]]>
    </failure>
  </testcase>
</testsuite>
